<?xml version="1.0" encoding="UTF-8"?>
<!-- Generated by org.testng.reporters.JUnitReportReporter -->
<testsuite hostname="Anil" failures="0" tests="3" name="tests.SubmitOderTest" time="26.114" errors="0" timestamp="2024-12-29T16:20:35 IST" skipped="0">
  <testcase classname="tests.SubmitOderTest" name="SubmitOrder" time="9.564"/>
  <testcase classname="tests.SubmitOderTest" name="SubmitOrder" time="10.210"/>
  <testcase classname="tests.SubmitOderTest" name="OrderHistory" time="6.340"/>
</testsuite> <!-- tests.SubmitOderTest -->
