<?xml version="1.0" encoding="UTF-8"?>
<!-- Generated by org.testng.reporters.JUnitReportReporter -->
<testsuite hostname="Anil" failures="0" tests="2" name="tests.ErrorValidationsTest" time="23.980" errors="0" timestamp="2024-12-29T13:52:46 IST" skipped="0">
  <testcase classname="tests.ErrorValidationsTest" name="ProductErrorValidation" time="18.155"/>
  <testcase classname="tests.ErrorValidationsTest" name="LoginError" time="5.825"/>
</testsuite> <!-- tests.ErrorValidationsTest -->
