<?xml version="1.0" encoding="UTF-8"?>
<!-- Generated by org.testng.reporters.JUnitReportReporter -->
<testsuite hostname="Anil" failures="0" tests="3" name="tests.SubmitOderTest" time="30.875" errors="0" timestamp="2024-12-29T13:52:46 IST" skipped="0">
  <testcase classname="tests.SubmitOderTest" name="OrderHistory" time="5.360"/>
  <testcase classname="tests.SubmitOderTest" name="SubmitOrder" time="16.232"/>
  <testcase classname="tests.SubmitOderTest" name="SubmitOrder" time="9.283"/>
</testsuite> <!-- tests.SubmitOderTest -->
